2025-10-09 10:24:41 INFO  c.l.m.Main:41                            - Starting operation: RUN_LRE_TEST
2025-10-09 10:24:43 WARN  c.l.v.t.s.StartVusersValidator:68        - Multiple StartVusers actions found. Keeping first, removing 1 others.
2025-10-09 10:24:43 WARN  c.l.v.t.s.DurationValidator:58           - Multiple StopVusers actions found. Keeping first, removing 1 others.
2025-10-09 10:24:43 WARN  c.l.v.t.g.LreGroupValidator:105          - Group 'SampleGroup' references GlobalRTS 'RTS1'. Local RTS definitions (JMeter, Selenium, JavaVM) will be ignored.
2025-10-09 10:24:43 INFO  c.l.s.LreTestManager:140                 - Creating new test: 'CreateTestFromYaml' in folder: 'Subject\yamlTest'
2025-10-09 10:24:43 INFO  c.l.s.LreTestInstanceManager:30          - Fetching test instances for test id: 176
2025-10-09 10:24:44 INFO  c.l.s.LreTestInstanceManager:45          - Creating new test instance for test id: 176
2025-10-09 10:24:44 INFO  c.l.s.LreTestInstanceManager:69          - Found 2 existing TestSets. Using TestSet with name 'TS_eIMRY', TestSet Id 101
2025-10-09 10:24:44 INFO  c.l.s.LreTestInstanceManager:54          - Test Instance created successfully. Instance id: 14
2025-10-09 10:24:44 INFO  c.l.s.LreTimeslotManager:49              - Checking timeslot availability for testId 176 with duration: 00:30 (hh:mm)
2025-10-09 10:24:44 INFO  c.l.s.LreTestExecutor:52                 - 
+----------------------------------+-------------------------------+--------------------------------------+
| Domain: example                  | Project: test-project         | Test Id: 176                         |
| Test Name: CreateTestFromYaml    | Test Folder: Subject\yamlTest | Test Instance Id: 14                 |
| Timeslot Duration: 00:30 (hh:mm) | Timeslot id: 1091             | Post Run Action: Collate and Analyse |
+----------------------------------+-------------------------------+--------------------------------------+

2025-10-09 10:24:44 INFO  c.l.a.r.LreRunClient:65                  - Run started successfully. Run ID: 12, Dashboard URL: http://localhost:3000/Loadtest/pcx-tab/run/12/dashboard
2025-10-09 10:24:44 INFO  c.l.s.LreRunStatusPoller:116             - | RunId: 12  | State: Initializing                      | Elapsed: 0 seconds        | Timeslot duration: 30 minutes | Time remaining: 29 minutes |
2025-10-09 10:24:44 INFO  c.l.s.LreRunStatusPoller:116             - | RunId: 12  | State: Running                           | Elapsed: 0 seconds        | Timeslot duration: 30 minutes | Time remaining: 29 minutes |
2025-10-09 10:24:44 INFO  c.l.s.LreRunStatusPoller:116             - | RunId: 12  | State: Before Collating Results          | Elapsed: 0 seconds        | Timeslot duration: 30 minutes | Time remaining: 29 minutes |
2025-10-09 10:24:44 INFO  c.l.s.LreRunStatusPoller:116             - | RunId: 12  | State: Collating Results                 | Elapsed: 0 seconds        | Timeslot duration: 30 minutes | Time remaining: 29 minutes |
2025-10-09 10:24:44 INFO  c.l.s.LreRunStatusPoller:116             - | RunId: 12  | State: Before Creating Analysis Data     | Elapsed: 0 seconds        | Timeslot duration: 30 minutes | Time remaining: 29 minutes |
2025-10-09 10:24:44 INFO  c.l.s.LreRunStatusPoller:116             - | RunId: 12  | State: Creating Analysis Data            | Elapsed: 0 seconds        | Timeslot duration: 30 minutes | Time remaining: 29 minutes |
2025-10-09 10:24:44 INFO  c.l.s.LreRunStatusPoller:116             - | RunId: 12  | State: Finished                          | Elapsed: 0 seconds        | Timeslot duration: 30 minutes | Time remaining: 29 minutes |
2025-10-09 10:24:44 INFO  c.l.s.LreRunStatusPoller:58              - Run [12] reached terminal state [FINISHED] for PostRunAction [COLLATE_AND_ANALYSE]
2025-10-09 10:24:44 INFO  c.l.a.r.LreRunClient:27                  - Run completed successfully for test: yamlTest/CreateTestFromYaml.yaml
