2025-09-26 21:19:48 INFO  c.l.m.Main:41                            - Starting operation: RUN_LRE_TEST
2025-09-26 21:19:49 INFO  c.l.a.l.t.g.LreGroupValidator:37         - All groups validated successfully.
2025-09-26 21:19:50 INFO  c.l.a.l.t.LreTestContentValidator:45     - <?xml version='1.0' encoding='UTF-8'?>
<Content xmlns="http://www.hp.com/PC/REST/API">
  <WorkloadType>
    <Type>basic</Type>
    <SubType>by test</SubType>
    <VusersDistributionMode>by number</VusersDistributionMode>
  </WorkloadType>
  <LGDistribution>
    <Type>manual</Type>
  </LGDistribution>
  <MonitorProfiles>
    <MonitorProfile>
      <ID>1001</ID>
    </MonitorProfile>
    <MonitorProfile>
      <ID>1002</ID>
    </MonitorProfile>
  </MonitorProfiles>
  <Groups>
    <Group>
      <Name>SampleGroup</Name>
      <Vusers>50</Vusers>
      <Script>
        <ID>200</ID>
        <Name>Optional</Name>
        <CreatedBy>sa</CreatedBy>
        <TestFolderPath>Subject\e2e</TestFolderPath>
        <WorkingMode>Runtime</WorkingMode>
        <Protocol>Web - HTTP/HTML</Protocol>
        <IsScriptLocked>false</IsScriptLocked>
      </Script>
      <Hosts>
        <Host>
          <Name>LG1</Name>
          <Type>automatch</Type>
        </Host>
        <Host>
          <Name>LG2</Name>
          <Type>automatch</Type>
        </Host>
        <Host>
          <Name>cloud1</Name>
          <Type>cloud</Type>
          <HostTemplateId>1</HostTemplateId>
        </Host>
        <Host>
          <Name>cloud2</Name>
          <Type>cloud</Type>
          <HostTemplateId>2</HostTemplateId>
        </Host>
        <Host>
          <Name>devserver</Name>
          <Type>specific</Type>
        </Host>
      </Hosts>
      <RTS>
        <Pacing>
          <NumberOfIterations>1</NumberOfIterations>
          <StartNewIteration Type="immediately"/>
        </Pacing>
        <ThinkTime Type="modify">
          <MultiplyFactor>2.0</MultiplyFactor>
        </ThinkTime>
      </RTS>
    </Group>
    <Group>
      <Name>SampleGroup2</Name>
      <Vusers>10</Vusers>
      <Script>
        <ID>10</ID>
        <Name>Optional</Name>
        <CreatedBy>sa</CreatedBy>
        <TestFolderPath>Subject\e2e</TestFolderPath>
        <WorkingMode>Runtime</WorkingMode>
        <Protocol>Web - HTTP/HTML</Protocol>
        <IsScriptLocked>false</IsScriptLocked>
      </Script>
      <Hosts>
        <Host>
          <Name>LG1</Name>
          <Type>automatch</Type>
        </Host>
      </Hosts>
      <RTS>
        <Pacing>
          <NumberOfIterations>3</NumberOfIterations>
          <StartNewIteration Type="fixed delay">
            <DelayOfSeconds>5</DelayOfSeconds>
          </StartNewIteration>
        </Pacing>
        <ThinkTime Type="random">
          <MinPercentage>80</MinPercentage>
          <MaxPercentage>120</MaxPercentage>
        </ThinkTime>
      </RTS>
    </Group>
    <Group>
      <Name>SampleGroup3</Name>
      <Vusers>15</Vusers>
      <Script>
        <ID>11</ID>
        <Name>Optional</Name>
        <CreatedBy>sa</CreatedBy>
        <TestFolderPath>Subject\e2e</TestFolderPath>
        <WorkingMode>Runtime</WorkingMode>
        <Protocol>Web - HTTP/HTML</Protocol>
        <IsScriptLocked>false</IsScriptLocked>
      </Script>
      <Hosts>
        <Host>
          <Name>LG2</Name>
          <Type>automatch</Type>
        </Host>
      </Hosts>
      <RTS>
        <Pacing>
          <NumberOfIterations>5</NumberOfIterations>
          <StartNewIteration Type="random interval">
            <DelayAtRangeOfSeconds>10</DelayAtRangeOfSeconds>
            <DelayAtRangeToSeconds>15</DelayAtRangeToSeconds>
          </StartNewIteration>
        </Pacing>
        <ThinkTime Type="random">
          <MinPercentage>50</MinPercentage>
          <MaxPercentage>150</MaxPercentage>
          <LimitThinkTimeSeconds>30</LimitThinkTimeSeconds>
        </ThinkTime>
      </RTS>
    </Group>
  </Groups>
</Content>

2025-09-26 21:19:50 INFO  c.l.a.l.t.LreTestContentValidator:46     - {"WorkloadType":{"Type":"basic","SubType":"by test","VusersDistributionMode":"by number"},"LGDistribution":{"Type":"manual"},"MonitorProfile":[{"ID":1001},{"ID":1002}],"Groups":[{"Name":"SampleGroup","Vusers":50,"Script":{"ID":200,"Name":"Optional","CreatedBy":"sa","TestFolderPath":"Subject\\e2e","WorkingMode":"Runtime","Protocol":"Web - HTTP/HTML","IsScriptLocked":false},"Hosts":[{"Name":"LG1","Type":"automatch"},{"Name":"LG2","Type":"automatch"},{"Name":"cloud1","Type":"cloud","HostTemplateId":"1"},{"Name":"cloud2","Type":"cloud","HostTemplateId":"2"},{"Name":"devserver","Type":"specific"}],"RTS":{"Pacing":{"NumberOfIterations":1,"StartNewIteration":{"Type":"immediately"}},"ThinkTime":{"Type":"modify","MultiplyFactor":2.0}}},{"Name":"SampleGroup2","Vusers":10,"Script":{"ID":10,"Name":"Optional","CreatedBy":"sa","TestFolderPath":"Subject\\e2e","WorkingMode":"Runtime","Protocol":"Web - HTTP/HTML","IsScriptLocked":false},"Hosts":[{"Name":"LG1","Type":"automatch"}],"RTS":{"Pacing":{"NumberOfIterations":3,"StartNewIteration":{"Type":"fixed delay","DelayOfSeconds":5}},"ThinkTime":{"Type":"random","MinPercentage":80,"MaxPercentage":120}}},{"Name":"SampleGroup3","Vusers":15,"Script":{"ID":11,"Name":"Optional","CreatedBy":"sa","TestFolderPath":"Subject\\e2e","WorkingMode":"Runtime","Protocol":"Web - HTTP/HTML","IsScriptLocked":false},"Hosts":[{"Name":"LG2","Type":"automatch"}],"RTS":{"Pacing":{"NumberOfIterations":5,"StartNewIteration":{"Type":"random interval","DelayAtRangeOfSeconds":10,"DelayAtRangeToSeconds":15}},"ThinkTime":{"Type":"random","MinPercentage":50,"MaxPercentage":150,"LimitThinkTimeSeconds":30}}}]}
2025-09-26 21:19:50 INFO  c.l.a.l.LreTestManager:140               - Creating new test: 'CreateTestFromYaml' in folder: 'Subject\yamlTest'
2025-09-26 21:19:50 INFO  c.l.a.r.LreRunClient:27                  - Run completed successfully for test: yamlTest/CreateTestFromYaml.yaml
