2025-09-25 22:21:37 INFO  c.l.m.Main:41                        - Starting operation: RUN_LRE_TEST
2025-09-25 22:21:37 INFO  c.l.m.Main:91                        - Starting LRE test execution...
2025-09-25 22:21:38 INFO  c.l.a.l.LreTestContentValidator:42   - <?xml version='1.0' encoding='UTF-8'?>
<Content xmlns="http://www.hp.com/PC/REST/API">
  <WorkloadType>
    <Type>basic</Type>
    <SubType>by test</SubType>
    <VusersDistributionMode>by number</VusersDistributionMode>
  </WorkloadType>
  <LGDistribution>
    <Type>all to each group</Type>
    <Amount>10</Amount>
  </LGDistribution>
  <MonitorProfiles>
    <MonitorProfile>
      <ID>1001</ID>
    </MonitorProfile>
    <MonitorProfile>
      <ID>1002</ID>
    </MonitorProfile>
  </MonitorProfiles>
  <Groups>
    <Group>
      <Name>SampleGroup</Name>
      <Vusers>50</Vusers>
      <Script>
        <ID>200</ID>
        <ProtocolType>Web - HTTP/HTML</ProtocolType>
      </Script>
    </Group>
    <Group>
      <Name>SampleGroup2</Name>
      <Vusers>10</Vusers>
      <Script>
        <ID>10</ID>
        <ProtocolType>Web - HTTP/HTML</ProtocolType>
      </Script>
    </Group>
  </Groups>
</Content>

2025-09-25 22:21:38 INFO  c.l.a.l.LreTestContentValidator:43   - {"WorkloadType":{"Type":"basic","SubType":"by test","VusersDistributionMode":"by number"},"LGDistribution":{"Type":"all to each group","Amount":10},"MonitorProfile":[{"ID":1001},{"ID":1002}],"Groups":[{"Name":"SampleGroup","Vusers":50,"Script":{"ID":200,"ProtocolType":"Web - HTTP/HTML"}},{"Name":"SampleGroup2","Vusers":10,"Script":{"ID":10,"ProtocolType":"Web - HTTP/HTML"}}]}
2025-09-25 22:21:38 INFO  c.l.a.l.LreTestManager:139           - Creating new test: 'CreateTestFromYaml' in folder: 'Subject\yamlTest'
2025-09-25 22:21:38 INFO  c.l.a.r.LreRunClient:27              - Run completed successfully for test: yamlTest/CreateTestFromYaml.yaml
