2025-09-29 18:32:51 INFO  c.l.m.Main:41                            - Starting operation: RUN_LRE_TEST
2025-09-29 18:32:52 INFO  c.l.a.l.t.s.SchedulerValidator:25        - Scheduler empty: using default for Real-World By Test
2025-09-29 18:32:52 INFO  c.l.a.l.t.LreTestContentValidator:52     - <?xml version='1.0' encoding='UTF-8'?>
<Content xmlns="http://www.hp.com/PC/REST/API">
  <WorkloadType>
    <Type>real-world</Type>
    <SubType>by test</SubType>
    <VusersDistributionMode>by number</VusersDistributionMode>
  </WorkloadType>
  <LGDistribution>
    <Type>all to each group</Type>
    <Amount>10</Amount>
  </LGDistribution>
  <Groups>
    <Group>
      <Name>SampleGroup</Name>
      <Vusers>50</Vusers>
      <Script>
        <ID>200</ID>
        <ProtocolType>Web - HTTP/HTML</ProtocolType>
      </Script>
      <RTS>
        <Pacing>
          <NumberOfIterations>1</NumberOfIterations>
          <StartNewIteration Type="immediately"/>
        </Pacing>
        <ThinkTime Type="ignore"/>
        <Log Type="standard">
          <LogOptions Type="on error">
            <CacheSize>1</CacheSize>
          </LogOptions>
        </Log>
      </RTS>
    </Group>
  </Groups>
  <Scheduler>
    <Actions>
      <Action>
        <Initialize Type="just before vuser runs"/>
      </Action>
      <Action>
        <StartVusers Type="simultaneously">
          <Vusers>50</Vusers>
        </StartVusers>
      </Action>
      <Action>
        <Duration Type="run for">
          <TimeInterval>
            <Minutes>5</Minutes>
          </TimeInterval>
        </Duration>
      </Action>
      <Action>
        <StopVusers Type="simultaneously"/>
      </Action>
    </Actions>
  </Scheduler>
</Content>

2025-09-29 18:32:52 INFO  c.l.a.l.t.LreTestContentValidator:53     - {"WorkloadType":{"Type":"real-world","SubType":"by test","VusersDistributionMode":"by number"},"LGDistribution":{"Type":"all to each group","Amount":10},"Groups":[{"Name":"SampleGroup","Vusers":50,"Script":{"ID":200,"ProtocolType":"Web - HTTP/HTML"},"RTS":{"Pacing":{"NumberOfIterations":1,"StartNewIteration":{"Type":"immediately"}},"ThinkTime":{"Type":"ignore"},"Log":{"Type":"standard","LogOptions":{"Type":"on error","CacheSize":1}}}}],"Scheduler":{"Actions":[{"Initialize":{"Type":"just before vuser runs"}},{"StartVusers":{"Type":"simultaneously","Vusers":50}},{"Duration":{"Type":"run for","TimeInterval":{"Minutes":5}}},{"StopVusers":{"Type":"simultaneously"}}]}}
2025-09-29 18:32:52 INFO  c.l.a.l.LreTestManager:140               - Creating new test: 'CreateTestFromYaml' in folder: 'Subject\yamlTest'
2025-09-29 18:32:52 INFO  c.l.a.r.LreRunClient:27                  - Run completed successfully for test: yamlTest/CreateTestFromYaml.yaml
