2025-09-22 22:44:39 INFO  c.l.a.m.Main:42                      - Starting operation: RUN_LRE_TEST
2025-09-22 22:44:40 INFO  c.l.a.m.Main:92                      - Starting LRE test execution...
2025-09-22 22:44:40 INFO  c.l.a.r.LreRunClient:24              - Starting run for test: 2
2025-09-22 22:44:40 INFO  c.l.a.l.LreTestManager:20            - Using existing test with ID: 2
2025-09-22 22:44:40 INFO  c.l.a.l.LreTestManager:60            - Resolved test details 
Test ID              : 2                    
Test Name            : Test_b               
Test Folder          : Subject\TestFolder01 

2025-09-22 22:44:40 INFO  c.l.a.l.LreTestInstanceManager:35    - Fetching test instances for test id: 2
2025-09-22 22:44:41 INFO  c.l.a.l.LreTestInstanceManager:50    - Creating new test instance for test id: 2
2025-09-22 22:44:41 INFO  c.l.a.l.LreTestInstanceManager:74    - Found 2 existing TestSets. Using TestSet with name 'TS_eIMRY', TestSet Id 101
2025-09-22 22:44:41 INFO  c.l.a.l.LreTestInstanceManager:59    - Test Instance created successfully. Instance id: 14
2025-09-22 22:44:41 INFO  c.l.a.l.LreTimeslotManager:49        - Checking timeslot availability for testId 2 with duration: 00:30 (hh:mm)
2025-09-22 22:44:41 INFO  c.l.a.l.LreTestExecutor:46           - Executing LoadTest
Domain               : example              
Project              : test-project         
Test Id              : 2                    
Test Name            : Test_b               
Test Instance Id     : 14                   
Timeslot Id          : Will be created      
Timeslot duration    : 00:30 (hh:mm)        
Post Run Action      : Collate and Analyse  

2025-09-22 22:44:41 INFO  c.l.a.l.LreTestExecutor:31           - Run started successfully. Run ID: 12, Dashboard URL: http://localhost:3000/loadtest/pcx-tab/run/12/dashboard
2025-09-22 22:44:41 INFO  c.l.a.h.CommonMethods:52             - RunId 12 has been updated for cleanup
2025-09-22 22:44:41 INFO  c.l.a.r.LreRunClient:57              - Test run executed, runId: 12, dashboard: http://localhost:3000/loadtest/pcx-tab/run/12/dashboard
2025-09-22 22:44:41 INFO  c.l.a.l.LreRunStatusPoller:98        - Run [12] | State: Running | Elapsed: 0 seconds | Time remaining: 29 minutes
