2025-10-03 13:27:48 INFO  c.l.m.Main:41                            - Starting operation: RUN_LRE_TEST
2025-10-03 13:27:50 WARN  c.l.a.l.t.s.StartGroupValidator:98       - No StartGroup found. Adding default StartGroup.
2025-10-03 13:27:50 INFO  c.l.a.l.t.LreTestContentValidator:61     - {"WorkloadType":{"Type":"real-world","SubType":"by group","VusersDistributionMode":"by number"},"LGDistribution":{"Type":"all to each group","Amount":10},"Groups":[{"Name":"SampleGroup","Vusers":50,"Script":{"ID":200,"ProtocolType":"Web - HTTP/HTML"},"RTS":{"Pacing":{"NumberOfIterations":3,"StartNewIteration":{"Type":"fixed delay","DelayOfSeconds":5}},"ThinkTime":{"Type":"ignore"},"Log":{"Type":"standard","LogOptions":{"Type":"on error","CacheSize":1}}},"Scheduler":{"Actions":[{"StartGroup":{"type":"immediately"}},{"Initialize":{"Type":"gradually","TimeInterval":{"Seconds":30},"Vusers":10,"WaitAfterInit":{}}},{"Duration":{"Type":"run for","TimeInterval":{"Seconds":30}}},{"StopVusers":{"Type":"simultaneously","Vusers":50}},{"StartVusers":{"Type":"simultaneously","Vusers":50}}]}}]}
2025-10-03 13:27:50 INFO  c.l.a.l.LreTestManager:140               - Creating new test: 'CreateTestFromYaml' in folder: 'Subject\yamlTest'
2025-10-03 13:27:50 INFO  c.l.a.l.LreTestInstanceManager:30        - Fetching test instances for test id: 176
2025-10-03 13:27:50 INFO  c.l.a.l.LreTestInstanceManager:45        - Creating new test instance for test id: 176
2025-10-03 13:27:50 INFO  c.l.a.l.LreTestInstanceManager:69        - Found 2 existing TestSets. Using TestSet with name 'TS_eIMRY', TestSet Id 101
2025-10-03 13:27:50 INFO  c.l.a.l.LreTestInstanceManager:54        - Test Instance created successfully. Instance id: 14
2025-10-03 13:27:50 INFO  c.l.a.l.LreTimeslotManager:49            - Checking timeslot availability for testId 176 with duration: 00:30 (hh:mm)
2025-10-03 13:27:50 INFO  c.l.a.l.LreTestExecutor:51               - 
+----------------------------------+-------------------------------+--------------------------------------+
| Domain: example                  | Project: test-project         | Test Id: 176                         |
| Test Name: CreateTestFromYaml    | Test Folder: Subject\yamlTest | Test Instance Id: 14                 |
| Timeslot Duration: 00:30 (hh:mm) | Timeslot id: 1091             | Post Run Action: Collate and Analyse |
+----------------------------------+-------------------------------+--------------------------------------+

2025-10-03 13:27:50 INFO  c.l.a.r.LreRunClient:64                  - Run started successfully. Run ID: 12, Dashboard URL: http://localhost:3000/Loadtest/pcx-tab/run/12/dashboard
2025-10-03 13:27:50 INFO  c.l.a.l.LreRunStatusPoller:113           - | RunId: 12  | State: Initializing                      | Elapsed: 0 seconds        | Time remaining: 29 minutes |
2025-10-03 13:27:50 INFO  c.l.a.l.LreRunStatusPoller:113           - | RunId: 12  | State: Running                           | Elapsed: 0 seconds        | Time remaining: 29 minutes |
2025-10-03 13:27:50 INFO  c.l.a.l.LreRunStatusPoller:113           - | RunId: 12  | State: Before Collating Results          | Elapsed: 0 seconds        | Time remaining: 29 minutes |
2025-10-03 13:27:50 INFO  c.l.a.l.LreRunStatusPoller:113           - | RunId: 12  | State: Collating Results                 | Elapsed: 0 seconds        | Time remaining: 29 minutes |
2025-10-03 13:27:50 INFO  c.l.a.l.LreRunStatusPoller:113           - | RunId: 12  | State: Before Creating Analysis Data     | Elapsed: 0 seconds        | Time remaining: 29 minutes |
2025-10-03 13:27:50 INFO  c.l.a.l.LreRunStatusPoller:113           - | RunId: 12  | State: Creating Analysis Data            | Elapsed: 0 seconds        | Time remaining: 29 minutes |
2025-10-03 13:27:50 INFO  c.l.a.l.LreRunStatusPoller:113           - | RunId: 12  | State: Finished                          | Elapsed: 0 seconds        | Time remaining: 29 minutes |
2025-10-03 13:27:50 INFO  c.l.a.l.LreRunStatusPoller:56            - Run [12] reached terminal state [FINISHED] for PostRunAction [COLLATE_AND_ANALYSE]
2025-10-03 13:27:50 INFO  c.l.a.r.LreRunClient:27                  - Run completed successfully for test: yamlTest/CreateTestFromYaml.yaml
