2025-10-20 13:19:33 INFO  c.l.m.Main:44                            - Starting operation: SYNC_GITLAB_WITH_LRE
2025-10-20 13:19:33 INFO  c.l.m.Main:103                           - Starting GitLab and LRE synchronization...
2025-10-20 13:19:36 INFO  c.l.s.g.CommitHistoryManager:23          - No commit history found, starting fresh
2025-10-20 13:19:36 INFO  c.l.a.r.GitSyncClient:51                 - Performing INITIAL sync with 7 scripts
2025-10-20 13:19:36 INFO  c.l.s.g.LreSyncService:49                - Preparing script for upload: DevWebScripts/EmptyScript/DevWeb_EmptyScript
2025-10-20 13:19:36 INFO  c.l.s.g.GitScriptPackager:72             - Packaged DevWebScripts/EmptyScript/DevWeb_EmptyScript (commit 2a366a2e27862fc96a73885f5e2fc868c7930dc0) into C:\Users\acven\AppData\Local\Temp\lre_sync\devweb_emptyscript\packaged\devweb_emptyscript-2a366a2e.zip (26482 bytes)
2025-10-20 13:19:37 INFO  c.l.s.LreTestManager:52                  - Uploading C:\Users\acven\AppData\Local\Temp\lre_sync\devweb_emptyscript\packaged\devweb_emptyscript-2a366a2e.zip
2025-10-20 13:19:37 INFO  c.l.s.g.LreUploader:25                   - Uploaded script DevWeb_EmptyScript: zip: devweb_emptyscript-2a366a2e.zip
2025-10-20 13:19:37 INFO  c.l.s.g.LreSyncService:55                - Successfully uploaded script: DevWeb_EmptyScript
2025-10-20 13:19:37 INFO  c.l.s.g.LreSyncService:49                - Preparing script for upload: WebScriptsSample/ExtractStringFromString
2025-10-20 13:19:37 INFO  c.l.s.g.GitScriptPackager:72             - Packaged WebScriptsSample/ExtractStringFromString (commit 2a366a2e27862fc96a73885f5e2fc868c7930dc0) into C:\Users\acven\AppData\Local\Temp\lre_sync\extractstringfromstring\packaged\extractstringfromstring-2a366a2e.zip (4402 bytes)
2025-10-20 13:19:37 INFO  c.l.s.LreTestManager:52                  - Uploading C:\Users\acven\AppData\Local\Temp\lre_sync\extractstringfromstring\packaged\extractstringfromstring-2a366a2e.zip
2025-10-20 13:19:37 INFO  c.l.s.g.LreUploader:25                   - Uploaded script ExtractStringFromString: zip: extractstringfromstring-2a366a2e.zip
2025-10-20 13:19:37 INFO  c.l.s.g.LreSyncService:55                - Successfully uploaded script: ExtractStringFromString
2025-10-20 13:19:37 INFO  c.l.s.g.LreSyncService:49                - Preparing script for upload: DevWebScripts/AuthExample/DevWeb_HttpBearerAuthorization
2025-10-20 13:19:38 INFO  c.l.s.g.GitScriptPackager:72             - Packaged DevWebScripts/AuthExample/DevWeb_HttpBearerAuthorization (commit 31f14873bcfa65821e608e64a15cda094829f0a8) into C:\Users\acven\AppData\Local\Temp\lre_sync\devweb_httpbearerauthorization\packaged\devweb_httpbearerauthorization-31f14873.zip (28227 bytes)
2025-10-20 13:19:38 INFO  c.l.s.LreTestManager:52                  - Uploading C:\Users\acven\AppData\Local\Temp\lre_sync\devweb_httpbearerauthorization\packaged\devweb_httpbearerauthorization-31f14873.zip
2025-10-20 13:19:38 INFO  c.l.s.g.LreUploader:25                   - Uploaded script DevWeb_HttpBearerAuthorization: zip: devweb_httpbearerauthorization-31f14873.zip
2025-10-20 13:19:38 INFO  c.l.s.g.LreSyncService:55                - Successfully uploaded script: DevWeb_HttpBearerAuthorization
2025-10-20 13:19:38 INFO  c.l.s.g.LreSyncService:49                - Preparing script for upload: WebScriptsSample/DNSQuery
2025-10-20 13:19:38 INFO  c.l.s.g.GitScriptPackager:72             - Packaged WebScriptsSample/DNSQuery (commit bb45963498c2daf5a132affc1e1150f33b38c508) into C:\Users\acven\AppData\Local\Temp\lre_sync\dnsquery\packaged\dnsquery-bb459634.zip (3387 bytes)
2025-10-20 13:19:38 INFO  c.l.s.LreTestManager:52                  - Uploading C:\Users\acven\AppData\Local\Temp\lre_sync\dnsquery\packaged\dnsquery-bb459634.zip
2025-10-20 13:19:38 INFO  c.l.s.g.LreUploader:25                   - Uploaded script DNSQuery: zip: dnsquery-bb459634.zip
2025-10-20 13:19:38 INFO  c.l.s.g.LreSyncService:55                - Successfully uploaded script: DNSQuery
2025-10-20 13:19:38 INFO  c.l.s.g.LreSyncService:49                - Preparing script for upload: DevWebScripts/ShoppingCartExample/DevWeb_AdvantageOnlineShopping
2025-10-20 13:19:39 INFO  c.l.s.g.GitScriptPackager:72             - Packaged DevWebScripts/ShoppingCartExample/DevWeb_AdvantageOnlineShopping (commit 2a366a2e27862fc96a73885f5e2fc868c7930dc0) into C:\Users\acven\AppData\Local\Temp\lre_sync\devweb_advantageonlineshopping\packaged\devweb_advantageonlineshopping-2a366a2e.zip (28720 bytes)
2025-10-20 13:19:39 INFO  c.l.s.LreTestManager:52                  - Uploading C:\Users\acven\AppData\Local\Temp\lre_sync\devweb_advantageonlineshopping\packaged\devweb_advantageonlineshopping-2a366a2e.zip
2025-10-20 13:19:39 INFO  c.l.s.g.LreUploader:25                   - Uploaded script DevWeb_AdvantageOnlineShopping: zip: devweb_advantageonlineshopping-2a366a2e.zip
2025-10-20 13:19:39 INFO  c.l.s.g.LreSyncService:55                - Successfully uploaded script: DevWeb_AdvantageOnlineShopping
2025-10-20 13:19:39 INFO  c.l.s.g.LreSyncService:49                - Preparing script for upload: WebScriptsSample/ChangeCase
2025-10-20 13:19:40 ERROR c.l.s.g.LreSyncService:60                - Failed to upload script 'WebScriptsSample/ChangeCase': Error executing request to https://gitlab.com/api/v4/projects/75391932/repository/archive.zip?sha=2a366a2e27862fc96a73885f5e2fc868c7930dc0&path=WebScriptsSample%2FChangeCase
com.lre.actions.exceptions.LreException: Error executing request to https://gitlab.com/api/v4/projects/75391932/repository/archive.zip?sha=2a366a2e27862fc96a73885f5e2fc868c7930dc0&path=WebScriptsSample%2FChangeCase
	at com.lre.core.http.HttpRequestExecutor.executeRequest(HttpRequestExecutor.java:96)
	at com.lre.core.http.HttpRequestExecutor.downloadFile(HttpRequestExecutor.java:47)
	at com.lre.actions.apis.ApiRequestExecutor.downloadApi(ApiRequestExecutor.java:111)
	at com.lre.actions.apis.ApiRequestExecutor.download(ApiRequestExecutor.java:52)
	at com.lre.actions.apis.GitLabRestApis.downloadRepositoryArchive(GitLabRestApis.java:50)
	at com.lre.services.git.GitScriptPackager.prepare(GitScriptPackager.java:55)
	at com.lre.services.git.LreSyncService.uploadScripts(LreSyncService.java:50)
	at com.lre.actions.runclient.GitSyncClient.sync(GitSyncClient.java:52)
	at com.lre.main.Main.syncGitlabWithLre(Main.java:106)
	at com.lre.main.Main.main(Main.java:56)
Caused by: com.lre.actions.exceptions.LreException: Request failed: URL=https://gitlab.com/api/v4/projects/75391932/repository/archive.zip?sha=2a366a2e27862fc96a73885f5e2fc868c7930dc0&path=WebScriptsSample%2FChangeCase, Status=429 (Too Many Requests), Content={"message":{"error":"This archive has been requested too many times. Try again later."}}
	at com.lre.core.http.HttpErrorHandler.handleError(HttpErrorHandler.java:41)
	at com.lre.core.http.HttpRequestExecutor.lambda$executeRequest$2(HttpRequestExecutor.java:82)
	at org.apache.hc.client5.http.impl.classic.CloseableHttpClient.execute(CloseableHttpClient.java:247)
	at org.apache.hc.client5.http.impl.classic.CloseableHttpClient.execute(CloseableHttpClient.java:188)
	at org.apache.hc.client5.http.impl.classic.CloseableHttpClient.execute(CloseableHttpClient.java:162)
	at com.lre.core.http.HttpRequestExecutor.executeRequest(HttpRequestExecutor.java:68)
	... 9 common frames omitted
2025-10-20 13:19:40 INFO  c.l.s.g.LreSyncService:49                - Preparing script for upload: WebScriptsSample/DateTime
2025-10-20 13:19:42 ERROR c.l.s.g.LreSyncService:60                - Failed to upload script 'WebScriptsSample/DateTime': Error executing request to https://gitlab.com/api/v4/projects/75391932/repository/archive.zip?sha=bb45963498c2daf5a132affc1e1150f33b38c508&path=WebScriptsSample%2FDateTime
com.lre.actions.exceptions.LreException: Error executing request to https://gitlab.com/api/v4/projects/75391932/repository/archive.zip?sha=bb45963498c2daf5a132affc1e1150f33b38c508&path=WebScriptsSample%2FDateTime
	at com.lre.core.http.HttpRequestExecutor.executeRequest(HttpRequestExecutor.java:96)
	at com.lre.core.http.HttpRequestExecutor.downloadFile(HttpRequestExecutor.java:47)
	at com.lre.actions.apis.ApiRequestExecutor.downloadApi(ApiRequestExecutor.java:111)
	at com.lre.actions.apis.ApiRequestExecutor.download(ApiRequestExecutor.java:52)
	at com.lre.actions.apis.GitLabRestApis.downloadRepositoryArchive(GitLabRestApis.java:50)
	at com.lre.services.git.GitScriptPackager.prepare(GitScriptPackager.java:55)
	at com.lre.services.git.LreSyncService.uploadScripts(LreSyncService.java:50)
	at com.lre.actions.runclient.GitSyncClient.sync(GitSyncClient.java:52)
	at com.lre.main.Main.syncGitlabWithLre(Main.java:106)
	at com.lre.main.Main.main(Main.java:56)
Caused by: com.lre.actions.exceptions.LreException: Request failed: URL=https://gitlab.com/api/v4/projects/75391932/repository/archive.zip?sha=bb45963498c2daf5a132affc1e1150f33b38c508&path=WebScriptsSample%2FDateTime, Status=429 (Too Many Requests), Content={"message":{"error":"This archive has been requested too many times. Try again later."}}
	at com.lre.core.http.HttpErrorHandler.handleError(HttpErrorHandler.java:41)
	at com.lre.core.http.HttpRequestExecutor.lambda$executeRequest$2(HttpRequestExecutor.java:82)
	at org.apache.hc.client5.http.impl.classic.CloseableHttpClient.execute(CloseableHttpClient.java:247)
	at org.apache.hc.client5.http.impl.classic.CloseableHttpClient.execute(CloseableHttpClient.java:188)
	at org.apache.hc.client5.http.impl.classic.CloseableHttpClient.execute(CloseableHttpClient.java:162)
	at com.lre.core.http.HttpRequestExecutor.executeRequest(HttpRequestExecutor.java:68)
	... 9 common frames omitted
